{"timestamp":"2026-03-20T00:34:49.540Z","event":"request_received","requesterIp":"::1","email":"admin@notrealdomain.invalid","targetDomain":"notrealdomain.invalid"}
{"timestamp":"2026-03-20T00:34:49.541Z","event":"dns_guard_start","targetDomain":"notrealdomain.invalid"}
{"timestamp":"2026-03-20T00:34:49.569Z","event":"dns_guard_done","targetDomain":"notrealdomain.invalid","privateResolution":true}
{"timestamp":"2026-03-20T00:36:59.183Z","event":"request_received","requesterIp":"::1","email":"info@ctrlshiftit.ca","targetDomain":"ctrlshiftit.ca"}
{"timestamp":"2026-03-20T00:36:59.184Z","event":"client_stage","stage":"submit_clicked","detail":{}}
{"timestamp":"2026-03-20T00:36:59.184Z","event":"client_stage","stage":"request_started","detail":{"targetDomain":"ctrlshiftit.ca"}}
{"timestamp":"2026-03-20T00:36:59.184Z","event":"dns_guard_start","targetDomain":"ctrlshiftit.ca"}
{"timestamp":"2026-03-20T00:36:59.257Z","event":"dns_guard_done","targetDomain":"ctrlshiftit.ca","privateResolution":false}
{"timestamp":"2026-03-20T00:36:59.257Z","event":"captcha_validated","targetDomain":"ctrlshiftit.ca","captchaValid":true}
{"timestamp":"2026-03-20T00:36:59.263Z","event":"request_accepted","requestId":"50c5a5b3-b274-4e07-b3fc-07dbf3d6d5f8","targetDomain":"ctrlshiftit.ca","elapsedMs":80}
{"timestamp":"2026-03-20T00:36:59.266Z","event":"client_stage","stage":"request_resolved","detail":{"ok":true,"status":202}}
{"timestamp":"2026-03-20T00:53:55.705Z","event":"request_received","requesterIp":"::1","email":"kannnan24@gmail.com","targetDomain":"ctrlshiftit.ca"}
{"timestamp":"2026-03-20T00:53:55.707Z","event":"client_stage","stage":"submit_clicked","detail":{}}
{"timestamp":"2026-03-20T00:53:55.708Z","event":"dns_guard_start","targetDomain":"ctrlshiftit.ca"}
{"timestamp":"2026-03-20T00:53:55.711Z","event":"client_stage","stage":"request_started","detail":{"targetDomain":"ctrlshiftit.ca"}}
{"timestamp":"2026-03-20T00:53:55.744Z","event":"dns_guard_done","targetDomain":"ctrlshiftit.ca","privateResolution":false}
{"timestamp":"2026-03-20T00:53:55.747Z","event":"client_stage","stage":"request_resolved","detail":{"ok":false,"status":403}}
{"timestamp":"2026-03-20T00:55:04.839Z","event":"request_received","requesterIp":"::1","email":"kannnan24@gmail.com","targetDomain":"kannnan24@gmail.com"}
{"timestamp":"2026-03-20T00:55:04.840Z","event":"client_stage","stage":"submit_clicked","detail":{}}
{"timestamp":"2026-03-20T00:55:04.841Z","event":"client_stage","stage":"request_started","detail":{"targetDomain":"kannnan24@gmail.com"}}
{"timestamp":"2026-03-20T00:55:04.845Z","event":"client_stage","stage":"request_resolved","detail":{"ok":true,"status":202}}
{"timestamp":"2026-03-20T00:59:24.058Z","event":"request_received","requesterIp":"::1","email":"kannnan24@gmail.com","targetDomain":"ctrlshiftit.ca"}
{"timestamp":"2026-03-20T00:59:24.059Z","event":"client_stage","stage":"submit_clicked","detail":{}}
{"timestamp":"2026-03-20T00:59:24.060Z","event":"client_stage","stage":"request_started","detail":{"targetDomain":"ctrlshiftit.ca"}}
{"timestamp":"2026-03-20T00:59:24.061Z","event":"dns_guard_start","targetDomain":"ctrlshiftit.ca"}
{"timestamp":"2026-03-20T00:59:24.096Z","event":"dns_guard_done","targetDomain":"ctrlshiftit.ca","privateResolution":false}
{"timestamp":"2026-03-20T00:59:24.099Z","event":"client_stage","stage":"request_resolved","detail":{"ok":false,"status":403}}
{"timestamp":"2026-03-20T00:59:41.930Z","event":"client_stage","stage":"submit_clicked","detail":{}}
{"timestamp":"2026-03-20T00:59:41.933Z","event":"client_stage","stage":"request_started","detail":{"targetDomain":"ctrlshiftit.ca"}}
{"timestamp":"2026-03-20T00:59:41.935Z","event":"request_received","requesterIp":"::1","email":"kannnan24@gmail.com","targetDomain":"ctrlshiftit.ca"}
{"timestamp":"2026-03-20T00:59:41.939Z","event":"dns_guard_start","targetDomain":"ctrlshiftit.ca"}
{"timestamp":"2026-03-20T00:59:41.943Z","event":"dns_guard_done","targetDomain":"ctrlshiftit.ca","privateResolution":false}
{"timestamp":"2026-03-20T00:59:41.951Z","event":"client_stage","stage":"request_resolved","detail":{"ok":false,"status":403}}
{"timestamp":"2026-03-20T01:00:08.731Z","event":"client_stage","stage":"submit_clicked","detail":{}}
{"timestamp":"2026-03-20T01:00:08.733Z","event":"client_stage","stage":"request_started","detail":{"targetDomain":"ctrlshiftit.ca"}}
{"timestamp":"2026-03-20T01:00:08.735Z","event":"request_received","requesterIp":"::1","email":"info@ctrlshiftit.ca","targetDomain":"ctrlshiftit.ca"}
{"timestamp":"2026-03-20T01:00:08.737Z","event":"dns_guard_start","targetDomain":"ctrlshiftit.ca"}
{"timestamp":"2026-03-20T01:00:08.741Z","event":"dns_guard_done","targetDomain":"ctrlshiftit.ca","privateResolution":false}
{"timestamp":"2026-03-20T01:00:08.742Z","event":"captcha_validated","targetDomain":"ctrlshiftit.ca","captchaValid":true}
{"timestamp":"2026-03-20T01:00:08.781Z","event":"request_accepted","requestId":"161e78b6-f63a-415a-a8f7-d1267589b187","targetDomain":"ctrlshiftit.ca","elapsedMs":46}
{"timestamp":"2026-03-20T01:00:08.785Z","event":"client_stage","stage":"request_resolved","detail":{"ok":true,"status":202}}
{"timestamp":"2026-03-20T01:08:40.273Z","event":"request_received","requesterIp":"::1","email":"info@ctrlshiftit.ca","targetDomain":"ctrlshiftit.ca"}
{"timestamp":"2026-03-20T01:08:40.274Z","event":"client_stage","stage":"submit_clicked","detail":{}}
{"timestamp":"2026-03-20T01:08:40.275Z","event":"client_stage","stage":"request_started","detail":{"targetDomain":"ctrlshiftit.ca"}}
{"timestamp":"2026-03-20T01:08:40.276Z","event":"dns_guard_start","targetDomain":"ctrlshiftit.ca"}
{"timestamp":"2026-03-20T01:08:40.303Z","event":"dns_guard_done","targetDomain":"ctrlshiftit.ca","privateResolution":false}
{"timestamp":"2026-03-20T01:08:40.303Z","event":"captcha_validated","targetDomain":"ctrlshiftit.ca","captchaValid":true}
{"timestamp":"2026-03-20T01:08:40.305Z","event":"request_accepted","requestId":"5d2a3fd3-83ed-4270-863c-61e190e2ea98","targetDomain":"ctrlshiftit.ca","elapsedMs":32}
{"timestamp":"2026-03-20T01:08:40.307Z","event":"client_stage","stage":"request_resolved","detail":{"ok":true,"status":202}}
{"timestamp":"2026-03-20T01:15:56.747Z","event":"request_received","requesterIp":"::1","email":"test@example.com","targetDomain":"example.com"}
{"timestamp":"2026-03-20T01:15:56.749Z","event":"dns_guard_start","targetDomain":"example.com"}
{"timestamp":"2026-03-20T01:15:56.769Z","event":"dns_guard_done","targetDomain":"example.com","privateResolution":false}
{"timestamp":"2026-03-20T01:15:56.770Z","event":"captcha_validated","targetDomain":"example.com","captchaValid":true}
{"timestamp":"2026-03-20T01:15:56.798Z","event":"request_accepted","requestId":"81c2f11a-ea73-4ffe-8580-340bc80a07d5","targetDomain":"example.com","elapsedMs":51}
{"timestamp":"2026-03-20T01:16:33.248Z","event":"request_received","requesterIp":"::1","email":"test@example.com","targetDomain":"example.com"}
{"timestamp":"2026-03-20T01:16:33.248Z","event":"dns_guard_start","targetDomain":"example.com"}
{"timestamp":"2026-03-20T01:16:33.249Z","event":"dns_guard_done","targetDomain":"example.com","privateResolution":false}
{"timestamp":"2026-03-20T01:16:33.249Z","event":"captcha_validated","targetDomain":"example.com","captchaValid":true}
{"timestamp":"2026-03-20T01:16:33.250Z","event":"request_accepted","requestId":"8151dec1-c555-4ed2-8446-e6e6e524ca32","targetDomain":"example.com","elapsedMs":2}
{"timestamp":"2026-03-20T01:17:01.501Z","event":"request_received","requesterIp":"::ffff:127.0.0.1","email":"test@example.com","targetDomain":"example.com"}
{"timestamp":"2026-03-20T01:17:01.501Z","event":"dns_guard_start","targetDomain":"example.com"}
{"timestamp":"2026-03-20T01:17:01.502Z","event":"dns_guard_done","targetDomain":"example.com","privateResolution":false}
{"timestamp":"2026-03-20T01:17:01.502Z","event":"captcha_validated","targetDomain":"example.com","captchaValid":true}
{"timestamp":"2026-03-20T01:17:01.504Z","event":"request_accepted","requestId":"9bd8efb8-d43a-4d78-850f-d91fe3acd8f4","targetDomain":"example.com","elapsedMs":3}
{"timestamp":"2026-03-20T01:18:18.463Z","event":"request_received","requesterIp":"::1","email":"info@ctrlshiftit.ca","targetDomain":"ctrlshiftit.ca"}
{"timestamp":"2026-03-20T01:18:18.463Z","event":"client_stage","stage":"submit_clicked","detail":{}}
{"timestamp":"2026-03-20T01:18:18.464Z","event":"client_stage","stage":"request_started","detail":{"targetDomain":"ctrlshiftit.ca"}}
{"timestamp":"2026-03-20T01:18:18.464Z","event":"dns_guard_start","targetDomain":"ctrlshiftit.ca"}
{"timestamp":"2026-03-20T01:18:18.490Z","event":"dns_guard_done","targetDomain":"ctrlshiftit.ca","privateResolution":false}
{"timestamp":"2026-03-20T01:18:18.491Z","event":"captcha_validated","targetDomain":"ctrlshiftit.ca","captchaValid":true}
{"timestamp":"2026-03-20T01:18:18.493Z","event":"request_accepted","requestId":"b0304213-b0a4-4abe-8c10-ed1f3a71cdc9","targetDomain":"ctrlshiftit.ca","elapsedMs":31}
{"timestamp":"2026-03-20T01:18:18.495Z","event":"client_stage","stage":"request_resolved","detail":{"ok":true,"status":202}}
{"timestamp":"2026-03-20T01:19:17.937Z","event":"request_received","requesterIp":"::1","email":"info@ctrlshiftit.ca","targetDomain":"ctrlshiftit.ca"}
{"timestamp":"2026-03-20T01:19:17.939Z","event":"client_stage","stage":"submit_clicked","detail":{}}
{"timestamp":"2026-03-20T01:19:17.941Z","event":"client_stage","stage":"request_started","detail":{"targetDomain":"ctrlshiftit.ca"}}
{"timestamp":"2026-03-20T01:19:17.942Z","event":"dns_guard_start","targetDomain":"ctrlshiftit.ca"}
{"timestamp":"2026-03-20T01:19:17.944Z","event":"dns_guard_done","targetDomain":"ctrlshiftit.ca","privateResolution":false}
{"timestamp":"2026-03-20T01:19:17.945Z","event":"captcha_validated","targetDomain":"ctrlshiftit.ca","captchaValid":true}
{"timestamp":"2026-03-20T01:19:17.946Z","event":"request_accepted","requestId":"0abc76e9-5599-4682-9ef2-b0e5ef751aba","targetDomain":"ctrlshiftit.ca","elapsedMs":9}
{"timestamp":"2026-03-20T01:19:17.949Z","event":"client_stage","stage":"request_resolved","detail":{"ok":true,"status":202}}
{"timestamp":"2026-03-20T01:36:51.980Z","event":"request_received","requesterIp":"::1","email":"info@ctrlshiftit.ca","targetDomain":"ctrlshiftit.ca"}
{"timestamp":"2026-03-20T01:36:51.980Z","event":"client_stage","stage":"submit_clicked","detail":{}}
{"timestamp":"2026-03-20T01:36:51.980Z","event":"client_stage","stage":"request_started","detail":{"targetDomain":"ctrlshiftit.ca"}}
{"timestamp":"2026-03-20T01:36:51.981Z","event":"dns_guard_start","targetDomain":"ctrlshiftit.ca"}
{"timestamp":"2026-03-20T01:36:52.014Z","event":"dns_guard_done","targetDomain":"ctrlshiftit.ca","privateResolution":false}
{"timestamp":"2026-03-20T01:36:52.014Z","event":"captcha_validated","targetDomain":"ctrlshiftit.ca","captchaValid":true}
{"timestamp":"2026-03-20T01:36:52.016Z","event":"request_accepted","requestId":"8f1e24ad-b361-4eca-afe4-6ea9d13750c2","targetDomain":"ctrlshiftit.ca","elapsedMs":36}
{"timestamp":"2026-03-20T01:36:52.018Z","event":"client_stage","stage":"request_resolved","detail":{"ok":true,"status":202}}
{"timestamp":"2026-03-20T01:37:52.831Z","event":"request_received","requesterIp":"::1","email":"info@ctrlshiftit.ca","targetDomain":"ctrlshiftit.ca"}
{"timestamp":"2026-03-20T01:37:52.832Z","event":"client_stage","stage":"submit_clicked","detail":{}}
{"timestamp":"2026-03-20T01:37:52.832Z","event":"client_stage","stage":"request_started","detail":{"targetDomain":"ctrlshiftit.ca"}}
{"timestamp":"2026-03-20T01:37:52.832Z","event":"dns_guard_start","targetDomain":"ctrlshiftit.ca"}
{"timestamp":"2026-03-20T01:37:52.833Z","event":"dns_guard_done","targetDomain":"ctrlshiftit.ca","privateResolution":false}
{"timestamp":"2026-03-20T01:37:52.833Z","event":"captcha_validated","targetDomain":"ctrlshiftit.ca","captchaValid":true}
{"timestamp":"2026-03-20T01:37:52.834Z","event":"request_accepted","requestId":"c2f46e51-f112-445e-911f-886e4ee38a96","targetDomain":"ctrlshiftit.ca","elapsedMs":3}
{"timestamp":"2026-03-20T01:37:52.839Z","event":"client_stage","stage":"request_resolved","detail":{"ok":true,"status":202}}
{"timestamp":"2026-03-20T01:41:26.112Z","event":"request_received","requesterIp":"::1","email":"info@ctrlshiftit.ca","targetDomain":"ctrlshiftit.ca"}
{"timestamp":"2026-03-20T01:41:26.113Z","event":"client_stage","stage":"submit_clicked","detail":{}}
{"timestamp":"2026-03-20T01:41:26.113Z","event":"client_stage","stage":"request_started","detail":{"targetDomain":"ctrlshiftit.ca"}}
{"timestamp":"2026-03-20T01:41:26.114Z","event":"dns_guard_start","targetDomain":"ctrlshiftit.ca"}
{"timestamp":"2026-03-20T01:41:30.600Z","event":"dns_guard_done","targetDomain":"ctrlshiftit.ca","privateResolution":false}
{"timestamp":"2026-03-20T01:41:30.602Z","event":"captcha_validated","targetDomain":"ctrlshiftit.ca","captchaValid":true}
{"timestamp":"2026-03-20T01:41:30.647Z","event":"request_accepted","requestId":"91f7f874-79ba-4fe9-999d-3e956dac9aca","targetDomain":"ctrlshiftit.ca","elapsedMs":4535}
{"timestamp":"2026-03-20T01:41:30.650Z","event":"client_stage","stage":"request_resolved","detail":{"ok":true,"status":202}}
{"timestamp":"2026-03-20T01:46:25.744Z","event":"request_received","requesterIp":"::1","email":"info@ctrlshiftit.ca","targetDomain":"ctrlshiftit.ca"}
{"timestamp":"2026-03-20T01:46:25.745Z","event":"client_stage","stage":"submit_clicked","detail":{}}
{"timestamp":"2026-03-20T01:46:25.745Z","event":"client_stage","stage":"request_started","detail":{"targetDomain":"ctrlshiftit.ca"}}
{"timestamp":"2026-03-20T01:46:25.747Z","event":"dns_guard_start","targetDomain":"ctrlshiftit.ca"}
{"timestamp":"2026-03-20T01:46:25.828Z","event":"dns_guard_done","targetDomain":"ctrlshiftit.ca","privateResolution":false}
{"timestamp":"2026-03-20T01:46:25.830Z","event":"captcha_validated","targetDomain":"ctrlshiftit.ca","captchaValid":true}
{"timestamp":"2026-03-20T01:46:25.889Z","event":"request_accepted","requestId":"c2d4f141-1589-44c7-bb02-f7b8a9f4bf2b","targetDomain":"ctrlshiftit.ca","elapsedMs":145}
{"timestamp":"2026-03-20T01:46:25.893Z","event":"client_stage","stage":"request_resolved","detail":{"ok":true,"status":202}}
{"timestamp":"2026-03-20T01:52:22.240Z","event":"request_received","requesterIp":"::1","email":"info@ctrlshiftit.ca","targetDomain":"ctrlshiftit.ca"}
{"timestamp":"2026-03-20T01:52:22.241Z","event":"dns_guard_start","targetDomain":"ctrlshiftit.ca"}
{"timestamp":"2026-03-20T01:52:22.315Z","event":"dns_guard_done","targetDomain":"ctrlshiftit.ca","privateResolution":false}
{"timestamp":"2026-03-20T01:52:22.315Z","event":"captcha_validated","targetDomain":"ctrlshiftit.ca","captchaValid":true}
{"timestamp":"2026-03-20T01:52:22.342Z","event":"request_accepted","requestId":"9502e2ee-5c2f-4ee0-8001-806b40360271","targetDomain":"ctrlshiftit.ca","elapsedMs":103}
{"timestamp":"2026-03-20T01:53:44.479Z","event":"request_received","requesterIp":"::1","email":"","targetDomain":""}
{"timestamp":"2026-03-20T01:58:38.693Z","event":"request_received","requesterIp":"::1","email":"info@ctrlshiftit.ca","targetDomain":"ctrlshiftit.ca"}
{"timestamp":"2026-03-20T01:58:38.695Z","event":"client_stage","stage":"submit_clicked","detail":{}}
{"timestamp":"2026-03-20T01:58:38.695Z","event":"dns_guard_start","targetDomain":"ctrlshiftit.ca"}
{"timestamp":"2026-03-20T01:58:38.695Z","event":"client_stage","stage":"request_started","detail":{"targetDomain":"ctrlshiftit.ca"}}
{"timestamp":"2026-03-20T01:58:38.731Z","event":"dns_guard_done","targetDomain":"ctrlshiftit.ca","privateResolution":false}
{"timestamp":"2026-03-20T01:58:38.732Z","event":"captcha_validated","targetDomain":"ctrlshiftit.ca","captchaValid":true}
{"timestamp":"2026-03-20T01:58:38.746Z","event":"request_accepted","requestId":"dcebefb6-cc38-407d-ad22-502e6430c9e8","targetDomain":"ctrlshiftit.ca","elapsedMs":53}
{"timestamp":"2026-03-20T01:58:38.749Z","event":"client_stage","stage":"request_resolved","detail":{"ok":true,"status":202}}
