[     253ms] [LOG] Angular is running in development mode. @ http://localhost:4200/@fs/home/kannan/plaground/cloudcareit/.angular/cache/21.2.7/cloudcare-frontend/vite/deps/chunk-7YB6YR3W.js?v=a6107ec0:14400
[     406ms] [LOG] Angular hydrated 2 component(s) and 1891 node(s), 0 component(s) were skipped. Learn more at https://v21.angular.dev/guide/hydration. @ http://localhost:4200/@fs/home/kannan/plaground/cloudcareit/.angular/cache/21.2.7/cloudcare-frontend/vite/deps/chunk-7YB6YR3W.js?v=a6107ec0:14400
[11946626ms] [LOG] [vite] server connection lost. Polling for restart... @ http://localhost:4200/@vite/client:864
[11954470ms] [LOG] Angular is running in development mode. @ http://localhost:4200/@fs/home/kannan/plaground/cloudcareit/.angular/cache/21.2.7/cloudcare-frontend/vite/deps/chunk-7YB6YR3W.js?v=a6107ec0:14400
[11954529ms] [LOG] Angular hydrated 2 component(s) and 1891 node(s), 0 component(s) were skipped. Learn more at https://v21.angular.dev/guide/hydration. @ http://localhost:4200/@fs/home/kannan/plaground/cloudcareit/.angular/cache/21.2.7/cloudcare-frontend/vite/deps/chunk-7YB6YR3W.js?v=a6107ec0:14400
[13530210ms] [LOG] [vite] server connection lost. Polling for restart... @ http://localhost:4200/@vite/client:864
[13538052ms] [LOG] Angular is running in development mode. @ http://localhost:4200/@fs/home/kannan/plaground/cloudcareit/.angular/cache/21.2.7/cloudcare-frontend/vite/deps/chunk-7YB6YR3W.js?v=a6107ec0:14400
[13538113ms] [LOG] Angular hydrated 2 component(s) and 1891 node(s), 0 component(s) were skipped. Learn more at https://v21.angular.dev/guide/hydration. @ http://localhost:4200/@fs/home/kannan/plaground/cloudcareit/.angular/cache/21.2.7/cloudcare-frontend/vite/deps/chunk-7YB6YR3W.js?v=a6107ec0:14400
[15183585ms] [LOG] [vite] server connection lost. Polling for restart... @ http://localhost:4200/@vite/client:864
[15191482ms] [LOG] Angular is running in development mode. @ http://localhost:4200/@fs/home/kannan/plaground/cloudcareit/.angular/cache/21.2.7/cloudcare-frontend/vite/deps/chunk-7YB6YR3W.js?v=a6107ec0:14400
[15191535ms] [LOG] Angular hydrated 2 component(s) and 1891 node(s), 0 component(s) were skipped. Learn more at https://v21.angular.dev/guide/hydration. @ http://localhost:4200/@fs/home/kannan/plaground/cloudcareit/.angular/cache/21.2.7/cloudcare-frontend/vite/deps/chunk-7YB6YR3W.js?v=a6107ec0:14400
[16035058ms] [ERROR] Failed to load resource: the server responded with a status of 500 (Internal Server Error) @ http://localhost:4200/api/google-reviews:0
[16035059ms] [ERROR] Unable to load Google reviews: HttpErrorResponse @ http://localhost:4200/chunk-MWORJYMA.js:66
[16035144ms] [WARNING] GSAP target .hero-industry-chip not found. https://gsap.com @ http://localhost:4200/@fs/home/kannan/plaground/cloudcareit/.angular/cache/21.2.7/cloudcare-frontend/vite/deps/gsap.js?v=a6107ec0:88
[16035144ms] [WARNING] GSAP target  not found. https://gsap.com @ http://localhost:4200/@fs/home/kannan/plaground/cloudcareit/.angular/cache/21.2.7/cloudcare-frontend/vite/deps/gsap.js?v=a6107ec0:88
[16040610ms] [LOG] Angular is running in development mode. @ http://localhost:4200/@fs/home/kannan/plaground/cloudcareit/.angular/cache/21.2.7/cloudcare-frontend/vite/deps/chunk-7YB6YR3W.js?v=a6107ec0:14400
[16040653ms] [ERROR] Failed to load resource: the server responded with a status of 500 (Internal Server Error) @ http://localhost:4200/api/google-reviews:0
[16040654ms] [ERROR] Unable to load Google reviews: HttpErrorResponse @ http://localhost:4200/chunk-GYU6AGSH.js:66
[16040657ms] [LOG] Angular hydrated 2 component(s) and 1156 node(s), 0 component(s) were skipped. Learn more at https://v21.angular.dev/guide/hydration. @ http://localhost:4200/@fs/home/kannan/plaground/cloudcareit/.angular/cache/21.2.7/cloudcare-frontend/vite/deps/chunk-7YB6YR3W.js?v=a6107ec0:14400
[16040703ms] [WARNING] GSAP target .hero-industry-chip not found. https://gsap.com @ http://localhost:4200/@fs/home/kannan/plaground/cloudcareit/.angular/cache/21.2.7/cloudcare-frontend/vite/deps/gsap.js?v=a6107ec0:88
[16040703ms] [WARNING] GSAP target  not found. https://gsap.com @ http://localhost:4200/@fs/home/kannan/plaground/cloudcareit/.angular/cache/21.2.7/cloudcare-frontend/vite/deps/gsap.js?v=a6107ec0:88
